0 info it worked if it ends with ok
1 verbose cli [ '/usr/local/bin/node',
1 verbose cli   '/Users/martinn/.node/bin/npm',
1 verbose cli   'start' ]
2 info using npm@3.5.3
3 info using node@v4.3.0
4 verbose run-script [ 'prestart', 'start', 'poststart' ]
5 info lifecycle hpe@~prestart: hpe@
6 silly lifecycle hpe@~prestart: no script for prestart, continuing
7 info lifecycle hpe@~start: hpe@
8 verbose lifecycle hpe@~start: unsafe-perm in lifecycle true
9 verbose lifecycle hpe@~start: PATH: /Users/martinn/.node/lib/node_modules/npm/bin/node-gyp-bin:/Users/martinn/Developer/hackathons/hpe/node_modules/.bin:/Users/martinn/.node/bin:/Users/martinn/.rvm/gems/ruby-2.0.0-p451/bin:/Users/martinn/.rvm/gems/ruby-2.0.0-p451@global/bin:/Users/martinn/.rvm/rubies/ruby-2.0.0-p451/bin:.git/safe/../../bin:/Users/martinn/.bin:/usr/local/sbin:/usr/local/bin:/usr/bin:/bin:/usr/sbin:/sbin:/opt/X11/bin:/opt/Ghostscript/bin:/opt/ImageMagick/bin:/Users/martinn/.rvm/bin
10 verbose lifecycle hpe@~start: CWD: /Users/martinn/Developer/hackathons/hpe
11 silly lifecycle hpe@~start: Args: [ '-c', 'node server.js' ]
12 silly lifecycle hpe@~start: Returned: code: 1  signal: null
13 info lifecycle hpe@~start: Failed to exec start script
14 verbose stack Error: hpe@ start: `node server.js`
14 verbose stack Exit status 1
14 verbose stack     at EventEmitter.<anonymous> (/Users/martinn/.node/lib/node_modules/npm/lib/utils/lifecycle.js:232:16)
14 verbose stack     at emitTwo (events.js:87:13)
14 verbose stack     at EventEmitter.emit (events.js:172:7)
14 verbose stack     at ChildProcess.<anonymous> (/Users/martinn/.node/lib/node_modules/npm/lib/utils/spawn.js:24:14)
14 verbose stack     at emitTwo (events.js:87:13)
14 verbose stack     at ChildProcess.emit (events.js:172:7)
14 verbose stack     at maybeClose (internal/child_process.js:821:16)
14 verbose stack     at Process.ChildProcess._handle.onexit (internal/child_process.js:211:5)
15 verbose pkgid hpe@
16 verbose cwd /Users/martinn/Developer/hackathons/hpe
17 error Darwin 15.4.0
18 error argv "/usr/local/bin/node" "/Users/martinn/.node/bin/npm" "start"
19 error node v4.3.0
20 error npm  v3.5.3
21 error code ELIFECYCLE
22 error hpe@ start: `node server.js`
22 error Exit status 1
23 error Failed at the hpe@ start script 'node server.js'.
23 error Make sure you have the latest version of node.js and npm installed.
23 error If you do, this is most likely a problem with the hpe package,
23 error not with npm itself.
23 error Tell the author that this fails on your system:
23 error     node server.js
23 error You can get information on how to open an issue for this project with:
23 error     npm bugs hpe
23 error Or if that isn't available, you can get their info via:
23 error     npm owner ls hpe
23 error There is likely additional logging output above.
24 verbose exit [ 1, true ]
